<?xml version="1.0" encoding="UTF-8"?>
<!-- Generated by org.testng.reporters.JUnitReportReporter -->
<testsuite hostname="Jui" failures="0" tests="3" name="amazon.framework.testcases.TestItemSearch" time="6.092" errors="0" timestamp="2020-09-13T18:19:02 IST" skipped="0">
  <testcase classname="amazon.framework.testcases.TestItemSearch" name="ItemSearchTest1" time="3.964"/>
  <system-out/>
  <testcase classname="amazon.framework.testcases.TestItemSearch" name="ItemSearchTest2" time="0.865"/>
  <system-out/>
  <testcase classname="amazon.framework.testcases.TestItemSearch" name="ItemSearchTest3" time="1.263"/>
  <system-out/>
</testsuite> <!-- amazon.framework.testcases.TestItemSearch -->
